<?xml version="1.0" encoding="UTF-8"?>
<!-- Generated by org.testng.reporters.JUnitReportReporter -->
<testsuite hostname="DESKTOP-NNG2UOE" failures="0" tests="5" name="org.collegesuggestproject.Header" time="13.144" errors="0" timestamp="2024-01-24T12:18:39 IST" skipped="0">
  <testcase classname="org.collegesuggestproject.Header" name="navigateToGftiCollegeOfEngineering" time="4.810"/>
  <system-out/>
  <testcase classname="org.collegesuggestproject.Header" name="navigateToPrivateCollegeOfMedical" time="2.819"/>
  <system-out/>
  <testcase classname="org.collegesuggestproject.Header" name="navigateToPrivateCollegeOfDental" time="1.927"/>
  <system-out/>
  <testcase classname="org.collegesuggestproject.Header" name="navigateToNitCollegeOfArchitecture" time="1.831"/>
  <system-out/>
  <testcase classname="org.collegesuggestproject.Header" name="navigateToNitCollegeOfPharmacy" time="1.757"/>
  <system-out/>
</testsuite> <!-- org.collegesuggestproject.Header -->
