<?xml version="1.0" encoding="UTF-8"?>
<!-- Generated by org.testng.reporters.JUnitReportReporter -->
<testsuite hostname="DESKTOP-NNG2UOE" failures="1" tests="12" name="org.collegesuggestproject.HomePage_FooterSection" time="13.123" errors="0" timestamp="2024-02-05T16:09:24 IST" skipped="0">
  <testcase classname="org.collegesuggestproject.HomePage_FooterSection" name="cs_Verify_EngineeringSection_In_Footer_Is_Present_0001" time="2.120"/>
  <system-out/>
  <testcase classname="org.collegesuggestproject.HomePage_FooterSection" name="cs_Verify_ArchitectureSection_In_Footer_Is_Present_0002" time="0.008"/>
  <system-out/>
  <testcase classname="org.collegesuggestproject.HomePage_FooterSection" name="cs_Verify_MedicalSection_In_Footer_Is_Present_0003" time="0.008"/>
  <system-out/>
  <testcase classname="org.collegesuggestproject.HomePage_FooterSection" name="cs_Verify_DentalSection_In_Footer_Is_Present_0004" time="0.006"/>
  <system-out/>
  <testcase classname="org.collegesuggestproject.HomePage_FooterSection" name="cs_Verify_PharmacySection_In_Footer_Is_Present_0005" time="0.005"/>
  <system-out/>
  <testcase classname="org.collegesuggestproject.HomePage_FooterSection" name="cs_Verify_OtherLinksSection_In_Footer_Is_Present_0007" time="5.019">
    <failure message="Locator expected to have text: Other Links
Received: null

Call log:
Locator.expect with timeout 5000ms
waiting for locator(&quot;xpath=//div[text()=&#039;Other Links&#039;]&quot;)" type="org.opentest4j.AssertionFailedError">
      <![CDATA[org.opentest4j.AssertionFailedError: Locator expected to have text: Other Links
Received: null

Call log:
Locator.expect with timeout 5000ms
waiting for locator("xpath=//div[text()='Other Links']")
at com.microsoft.playwright.impl.AssertionsBase.expectImpl(AssertionsBase.java:73)
at com.microsoft.playwright.impl.AssertionsBase.expectImpl(AssertionsBase.java:50)
at com.microsoft.playwright.impl.AssertionsBase.expectImpl(AssertionsBase.java:41)
at com.microsoft.playwright.impl.LocatorAssertionsImpl.hasText(LocatorAssertionsImpl.java:214)
at com.microsoft.playwright.assertions.LocatorAssertions.hasText(LocatorAssertions.java:1416)
at org.pageobjectmodel.HomePageObject.verifyOtherLinksFooter(HomePageObject.java:476)
at org.collegesuggestproject.HomePage_FooterSection.cs_Verify_OtherLinksSection_In_Footer_Is_Present_0007(HomePage_FooterSection.java:59)
at java.base/jdk.internal.reflect.NativeMethodAccessorImpl.invoke0(Native Method)
at java.base/jdk.internal.reflect.NativeMethodAccessorImpl.invoke(NativeMethodAccessorImpl.java:77)
at java.base/jdk.internal.reflect.DelegatingMethodAccessorImpl.invoke(DelegatingMethodAccessorImpl.java:43)
at java.base/java.lang.reflect.Method.invoke(Method.java:568)
at org.testng.internal.MethodInvocationHelper.invokeMethod(MethodInvocationHelper.java:133)
at org.testng.internal.TestInvoker.invokeMethod(TestInvoker.java:598)
at org.testng.internal.TestInvoker.invokeTestMethod(TestInvoker.java:173)
at org.testng.internal.MethodRunner.runInSequence(MethodRunner.java:46)
at org.testng.internal.TestInvoker$MethodInvocationAgent.invoke(TestInvoker.java:824)
at org.testng.internal.TestInvoker.invokeTestMethods(TestInvoker.java:146)
at org.testng.internal.TestMethodWorker.invokeTestMethods(TestMethodWorker.java:146)
at org.testng.internal.TestMethodWorker.run(TestMethodWorker.java:128)
at java.base/java.util.ArrayList.forEach(ArrayList.java:1511)
at org.testng.TestRunner.privateRun(TestRunner.java:794)
at org.testng.TestRunner.run(TestRunner.java:596)
at org.testng.SuiteRunner.runTest(SuiteRunner.java:377)
at org.testng.SuiteRunner.runSequentially(SuiteRunner.java:371)
at org.testng.SuiteRunner.privateRun(SuiteRunner.java:332)
at org.testng.SuiteRunner.run(SuiteRunner.java:276)
at org.testng.SuiteRunnerWorker.runSuite(SuiteRunnerWorker.java:53)
at org.testng.SuiteRunnerWorker.run(SuiteRunnerWorker.java:96)
at org.testng.TestNG.runSuitesSequentially(TestNG.java:1212)
at org.testng.TestNG.runSuitesLocally(TestNG.java:1134)
at org.testng.TestNG.runSuites(TestNG.java:1063)
at org.testng.TestNG.run(TestNG.java:1031)
at org.testng.remote.AbstractRemoteTestNG.run(AbstractRemoteTestNG.java:115)
at org.testng.remote.RemoteTestNG.initAndRun(RemoteTestNG.java:251)
at org.testng.remote.RemoteTestNG.main(RemoteTestNG.java:77)
]]>
    </failure>
  </testcase> <!-- cs_Verify_OtherLinksSection_In_Footer_Is_Present_0007 -->
  <system-out/>
  <testcase classname="org.collegesuggestproject.HomePage_FooterSection" name="cs_Verify_FollowUsSection_In_Footer_Is_Present_0008" time="0.010"/>
  <system-out/>
  <testcase classname="org.collegesuggestproject.HomePage_FooterSection" name="click_On_IIITCollegeInIndia_Of_Engineering_0009" time="0.814"/>
  <system-out/>
  <testcase classname="org.collegesuggestproject.HomePage_FooterSection" name="click_On_NITCollegeInIndia_Of_ARCHITECTURE_0010" time="1.303"/>
  <system-out/>
  <testcase classname="org.collegesuggestproject.HomePage_FooterSection" name="click_On_GovermentCollegesInIndia_Of_Medical_0011" time="1.325"/>
  <system-out/>
  <testcase classname="org.collegesuggestproject.HomePage_FooterSection" name="click_On_PrivateCollegesInIndia_Of_Dental_0012" time="1.364"/>
  <system-out/>
  <testcase classname="org.collegesuggestproject.HomePage_FooterSection" name="click_On_PharmacyCollegesinIndia_0013" time="1.141"/>
  <system-out/>
</testsuite> <!-- org.collegesuggestproject.HomePage_FooterSection -->
