<?xml version="1.0" encoding="UTF-8"?>
<!-- Generated by org.testng.reporters.JUnitReportReporter -->
<testsuite hostname="DESKTOP-NNG2UOE" failures="0" tests="7" name="org.collegesuggestproject.HomePage_HeaderSection" time="33.313" errors="0" timestamp="2024-02-05T12:03:12 IST" skipped="0">
  <testcase classname="org.collegesuggestproject.HomePage_HeaderSection" name="verifyAllTheTextOfEngineeringDropdown" time="2.261"/>
  <system-out/>
  <testcase classname="org.collegesuggestproject.HomePage_HeaderSection" name="navigateToGftiCollegeOfEngineering" time="3.576"/>
  <system-out/>
  <testcase classname="org.collegesuggestproject.HomePage_HeaderSection" name="navigateToPrivateCollegeOfMedical" time="3.897"/>
  <system-out/>
  <testcase classname="org.collegesuggestproject.HomePage_HeaderSection" name="navigateToPrivateCollegeOfDental" time="2.228"/>
  <system-out/>
  <testcase classname="org.collegesuggestproject.HomePage_HeaderSection" name="navigateToNitCollegeOfArchitecture" time="2.375"/>
  <system-out/>
  <testcase classname="org.collegesuggestproject.HomePage_HeaderSection" name="navigateToNitCollegeOfPharmacy" time="2.003"/>
  <system-out/>
  <testcase classname="org.collegesuggestproject.HomePage_HeaderSection" name="verifyAllTheHeaderCollegesIsClickable" time="16.973"/>
  <system-out/>
</testsuite> <!-- org.collegesuggestproject.HomePage_HeaderSection -->
