<?xml version="1.0" encoding="UTF-8"?>
<!-- Generated by org.testng.reporters.JUnitReportReporter -->
<testsuite hostname="DESKTOP-NNG2UOE" failures="0" tests="5" name="org.collegesuggestproject.HomePage_ExploreByStream" time="19.929" errors="0" timestamp="2024-01-29T19:08:22 IST" skipped="0">
  <testcase classname="org.collegesuggestproject.HomePage_ExploreByStream" name="Verify_ExploreByStream_Engineering_Is_Clickable" time="7.987"/>
  <system-out/>
  <testcase classname="org.collegesuggestproject.HomePage_ExploreByStream" name="Verify_ExploreByStream_Medical_Is_Clickable" time="3.299"/>
  <system-out/>
  <testcase classname="org.collegesuggestproject.HomePage_ExploreByStream" name="Verify_ExploreByStream_Dental_Is_Clickable" time="2.813"/>
  <system-out/>
  <testcase classname="org.collegesuggestproject.HomePage_ExploreByStream" name="Verify_ExploreByStream_Architecture_Is_Clickable" time="2.774"/>
  <system-out/>
  <testcase classname="org.collegesuggestproject.HomePage_ExploreByStream" name="Verify_ExploreByStream_Pharmacy_Is_Clickable" time="3.056"/>
  <system-out/>
</testsuite> <!-- org.collegesuggestproject.HomePage_ExploreByStream -->
