<?xml version="1.0" encoding="UTF-8"?>
<!-- Generated by org.testng.reporters.JUnitReportReporter -->
<testsuite hostname="DESKTOP-NNG2UOE" failures="0" tests="7" name="org.collegesuggestproject.HomePage_ExploreCareers" time="31.447" errors="0" timestamp="2024-02-05T15:11:21 IST" skipped="0">
  <testcase classname="org.collegesuggestproject.HomePage_ExploreCareers" name="cs_Verify_ExploreCareersSection_Heading_Is_Present_0001" time="2.219"/>
  <system-out/>
  <testcase classname="org.collegesuggestproject.HomePage_ExploreCareers" name="cs_Verify_TopCollegeInIndia_Heading_Is_Present_0002" time="0.011"/>
  <system-out/>
  <testcase classname="org.collegesuggestproject.HomePage_ExploreCareers" name="cs_Verify_TopPlacesInIndiaToStudy_Heading_Is_Present_0003" time="0.008"/>
  <system-out/>
  <testcase classname="org.collegesuggestproject.HomePage_ExploreCareers" name="cs_Verify_TopCoursesToStudy_Heading_Is_Present_0004" time="0.006"/>
  <system-out/>
  <testcase classname="org.collegesuggestproject.HomePage_ExploreCareers" name="click_On_TopCollegesinIndia_0005" time="6.188"/>
  <system-out/>
  <testcase classname="org.collegesuggestproject.HomePage_ExploreCareers" name="click_On_TopPlacesInIndiatostudy_0006" time="2.765"/>
  <system-out/>
  <testcase classname="org.collegesuggestproject.HomePage_ExploreCareers" name="click_On_TopCoursestostudy_0007" time="20.250"/>
  <system-out/>
</testsuite> <!-- org.collegesuggestproject.HomePage_ExploreCareers -->
