<?xml version="1.0" encoding="UTF-8"?>
<!-- Generated by org.testng.reporters.JUnitReportReporter -->
<testsuite hostname="DESKTOP-NNG2UOE" failures="0" tests="5" name="org.collegesuggestproject.HomePage_ExploreByStream" time="18.568" errors="0" timestamp="2024-02-05T13:53:28 IST" skipped="0">
  <testcase classname="org.collegesuggestproject.HomePage_ExploreByStream" name="Verify_ExploreByStream_Engineering_Is_Clickable" time="8.225"/>
  <system-out/>
  <testcase classname="org.collegesuggestproject.HomePage_ExploreByStream" name="Verify_ExploreByStream_Medical_Is_Clickable" time="4.430"/>
  <system-out/>
  <testcase classname="org.collegesuggestproject.HomePage_ExploreByStream" name="Verify_ExploreByStream_Dental_Is_Clickable" time="1.835"/>
  <system-out/>
  <testcase classname="org.collegesuggestproject.HomePage_ExploreByStream" name="Verify_ExploreByStream_Architecture_Is_Clickable" time="1.848"/>
  <system-out/>
  <testcase classname="org.collegesuggestproject.HomePage_ExploreByStream" name="Verify_ExploreByStream_Pharmacy_Is_Clickable" time="2.230"/>
  <system-out/>
</testsuite> <!-- org.collegesuggestproject.HomePage_ExploreByStream -->
