<?xml version="1.0" encoding="UTF-8"?>
<!-- Generated by org.testng.reporters.JUnitReportReporter -->
<testsuite hostname="DESKTOP-NNG2UOE" failures="0" tests="12" name="org.collegesuggestproject.HomePage_Footer" time="9.004" errors="0" timestamp="2024-01-29T18:54:13 IST" skipped="0">
  <testcase classname="org.collegesuggestproject.HomePage_Footer" name="cs_Verify_EngineeringSection_In_Footer_Is_Present_0001" time="1.360"/>
  <system-out/>
  <testcase classname="org.collegesuggestproject.HomePage_Footer" name="cs_Verify_ArchitectureSection_In_Footer_Is_Present_0002" time="0.026"/>
  <system-out/>
  <testcase classname="org.collegesuggestproject.HomePage_Footer" name="cs_Verify_MedicalSection_In_Footer_Is_Present_0003" time="0.014"/>
  <system-out/>
  <testcase classname="org.collegesuggestproject.HomePage_Footer" name="cs_Verify_DentalSection_In_Footer_Is_Present_0004" time="0.012"/>
  <system-out/>
  <testcase classname="org.collegesuggestproject.HomePage_Footer" name="cs_Verify_PharmacySection_In_Footer_Is_Present_0005" time="0.012"/>
  <system-out/>
  <testcase classname="org.collegesuggestproject.HomePage_Footer" name="cs_Verify_OtherLinksSection_In_Footer_Is_Present_0007" time="0.028"/>
  <system-out/>
  <testcase classname="org.collegesuggestproject.HomePage_Footer" name="cs_Verify_FollowUsSection_In_Footer_Is_Present_0008" time="0.007"/>
  <system-out/>
  <testcase classname="org.collegesuggestproject.HomePage_Footer" name="click_On_IIITCollegeInIndia_0009" time="1.361"/>
  <system-out/>
  <testcase classname="org.collegesuggestproject.HomePage_Footer" name="click_On_NITCollegeInIndia_Of_ARCHITECTURE_0010" time="1.369"/>
  <system-out/>
  <testcase classname="org.collegesuggestproject.HomePage_Footer" name="click_On_GovermentCollegesInIndia_Of_Medical_0011" time="1.610"/>
  <system-out/>
  <testcase classname="org.collegesuggestproject.HomePage_Footer" name="click_On_PrivateCollegesInIndia_Of_Dental_0012" time="1.577"/>
  <system-out/>
  <testcase classname="org.collegesuggestproject.HomePage_Footer" name="click_On_PharmacyCollegesinIndia_0013" time="1.628"/>
  <system-out/>
</testsuite> <!-- org.collegesuggestproject.HomePage_Footer -->
