<?xml version="1.0" encoding="UTF-8"?>
<!-- Generated by org.testng.reporters.JUnitReportReporter -->
<testsuite hostname="DESKTOP-NNG2UOE" failures="0" tests="7" name="org.collegesuggestproject.ExploreCareers" time="32.427" errors="0" timestamp="2024-01-29T17:34:22 IST" skipped="0">
  <testcase classname="org.collegesuggestproject.ExploreCareers" name="cs_Verify_ExploreCareersSection_Heading_Is_Present_0001" time="1.439"/>
  <system-out/>
  <testcase classname="org.collegesuggestproject.ExploreCareers" name="cs_Verify_TopCollegeInIndia_Heading_Is_Present_0002" time="0.066"/>
  <system-out/>
  <testcase classname="org.collegesuggestproject.ExploreCareers" name="cs_Verify_TopPlacesInIndiaToStudy_Heading_Is_Present_0003" time="0.009"/>
  <system-out/>
  <testcase classname="org.collegesuggestproject.ExploreCareers" name="cs_Verify_TopCoursesToStudy_Heading_Is_Present_0004" time="0.015"/>
  <system-out/>
  <testcase classname="org.collegesuggestproject.ExploreCareers" name="click_On_TopCollegesinIndia_0005" time="6.646"/>
  <system-out/>
  <testcase classname="org.collegesuggestproject.ExploreCareers" name="click_On_TopPlacesInIndiatostudy_0006" time="2.766"/>
  <system-out/>
  <testcase classname="org.collegesuggestproject.ExploreCareers" name="click_On_TopCoursestostudy_0007" time="21.486"/>
  <system-out/>
</testsuite> <!-- org.collegesuggestproject.ExploreCareers -->
