<?xml version="1.0" encoding="UTF-8"?>
<!-- Generated by org.testng.reporters.JUnitReportReporter -->
<testsuite hostname="DESKTOP-NNG2UOE" failures="0" tests="4" name="org.collegesuggestproject.HomePage_SearchBox" time="7.850" errors="0" timestamp="2024-02-05T12:37:09 IST" skipped="0">
  <testcase classname="org.collegesuggestproject.HomePage_SearchBox" name="verifyTheMainHeadingOfSearchBox" time="2.504"/>
  <system-out/>
  <testcase classname="org.collegesuggestproject.HomePage_SearchBox" name="enterCollegeNameAndTakeScreenShot" time="0.733"/>
  <system-out/>
  <testcase classname="org.collegesuggestproject.HomePage_SearchBox" name="verifyBannerSectionOfSearchBox" time="0.013"/>
  <system-out/>
  <testcase classname="org.collegesuggestproject.HomePage_SearchBox" name="clickOnMahindraUniversity" time="4.600"/>
  <system-out/>
</testsuite> <!-- org.collegesuggestproject.HomePage_SearchBox -->
