<?xml version="1.0" encoding="UTF-8"?>
<!-- Generated by org.testng.reporters.JUnitReportReporter -->
<testsuite hostname="DESKTOP-NNG2UOE" failures="0" tests="7" name="org.collegesuggestproject.HomePage_ExploreCareers" time="32.035" errors="0" timestamp="2024-01-29T19:16:03 IST" skipped="0">
  <testcase classname="org.collegesuggestproject.HomePage_ExploreCareers" name="cs_Verify_ExploreCareersSection_Heading_Is_Present_0001" time="1.229"/>
  <system-out/>
  <testcase classname="org.collegesuggestproject.HomePage_ExploreCareers" name="cs_Verify_TopCollegeInIndia_Heading_Is_Present_0002" time="0.044"/>
  <system-out/>
  <testcase classname="org.collegesuggestproject.HomePage_ExploreCareers" name="cs_Verify_TopPlacesInIndiaToStudy_Heading_Is_Present_0003" time="0.011"/>
  <system-out/>
  <testcase classname="org.collegesuggestproject.HomePage_ExploreCareers" name="cs_Verify_TopCoursesToStudy_Heading_Is_Present_0004" time="0.014"/>
  <system-out/>
  <testcase classname="org.collegesuggestproject.HomePage_ExploreCareers" name="click_On_TopCollegesinIndia_0005" time="7.038"/>
  <system-out/>
  <testcase classname="org.collegesuggestproject.HomePage_ExploreCareers" name="click_On_TopPlacesInIndiatostudy_0006" time="3.010"/>
  <system-out/>
  <testcase classname="org.collegesuggestproject.HomePage_ExploreCareers" name="click_On_TopCoursestostudy_0007" time="20.689"/>
  <system-out/>
</testsuite> <!-- org.collegesuggestproject.HomePage_ExploreCareers -->
