<?xml version="1.0" encoding="UTF-8"?>
<!-- Generated by org.testng.reporters.JUnitReportReporter -->
<testsuite hostname="DESKTOP-NNG2UOE" failures="0" tests="5" name="org.collegesuggestproject.HomePage_ExploreByStream" time="15.014" errors="0" timestamp="2024-02-02T11:57:17 IST" skipped="0">
  <testcase classname="org.collegesuggestproject.HomePage_ExploreByStream" name="Verify_ExploreByStream_Engineering_Is_Clickable" time="6.409"/>
  <system-out/>
  <testcase classname="org.collegesuggestproject.HomePage_ExploreByStream" name="Verify_ExploreByStream_Medical_Is_Clickable" time="2.622"/>
  <system-out/>
  <testcase classname="org.collegesuggestproject.HomePage_ExploreByStream" name="Verify_ExploreByStream_Dental_Is_Clickable" time="1.999"/>
  <system-out/>
  <testcase classname="org.collegesuggestproject.HomePage_ExploreByStream" name="Verify_ExploreByStream_Architecture_Is_Clickable" time="1.805"/>
  <system-out/>
  <testcase classname="org.collegesuggestproject.HomePage_ExploreByStream" name="Verify_ExploreByStream_Pharmacy_Is_Clickable" time="2.179"/>
  <system-out/>
</testsuite> <!-- org.collegesuggestproject.HomePage_ExploreByStream -->
