<?xml version="1.0" encoding="UTF-8"?>
<!-- Generated by org.testng.reporters.JUnitReportReporter -->
<testsuite hostname="DESKTOP-NNG2UOE" failures="0" tests="1" name="org.collegesuggestproject.SearchBox" time="4.881" errors="0" timestamp="2024-01-29T12:03:29 IST" skipped="0">
  <testcase classname="org.collegesuggestproject.SearchBox" name="typeOnSearchBox" time="4.881"/>
  <system-out/>
</testsuite> <!-- org.collegesuggestproject.SearchBox -->
