<?xml version="1.0" encoding="UTF-8"?>
<!-- Generated by org.testng.reporters.JUnitReportReporter -->
<testsuite hostname="DESKTOP-NNG2UOE" failures="0" tests="9" name="org.collegesuggestproject.RankingExams" time="6.374" errors="0" timestamp="2024-01-29T17:14:55 IST" skipped="0">
  <testcase classname="org.collegesuggestproject.RankingExams" name="cs_Verify_RankingExam_Text_Is_Present_0001" time="2.175"/>
  <system-out/>
  <testcase classname="org.collegesuggestproject.RankingExams" name="cs_Verify_RankingExam_Paragraph_Is_Present_0002" time="0.056"/>
  <system-out/>
  <testcase classname="org.collegesuggestproject.RankingExams" name="cs_Verify_Rankings_Heading_Is_Present_0003" time="0.013"/>
  <system-out/>
  <testcase classname="org.collegesuggestproject.RankingExams" name="cs_Verify_Rankings_Paragraph_Is_Present_0004" time="0.016"/>
  <system-out/>
  <testcase classname="org.collegesuggestproject.RankingExams" name="cs_Verify_Exams_Heading_Is_Present_0005" time="0.009"/>
  <system-out/>
  <testcase classname="org.collegesuggestproject.RankingExams" name="cs_Verify_Exams_Paragraph_Is_Present_0006" time="0.011"/>
  <system-out/>
  <testcase classname="org.collegesuggestproject.RankingExams" name="cs_Verify_TopEngineeringCollege_Is_Clickable_0007" time="0.931"/>
  <system-out/>
  <testcase classname="org.collegesuggestproject.RankingExams" name="cs_Verify_TopMedicalCollege_Is_Clickable_0008" time="1.599"/>
  <system-out/>
  <testcase classname="org.collegesuggestproject.RankingExams" name="cs_Verify_TopArchitectureCollege_Is_Clickable_0009" time="1.564"/>
  <system-out/>
</testsuite> <!-- org.collegesuggestproject.RankingExams -->
