<?xml version="1.0" encoding="UTF-8"?>
<!-- Generated by org.testng.reporters.JUnitReportReporter -->
<testsuite hostname="DESKTOP-NNG2UOE" failures="0" tests="1" name="org.collegesuggestproject.HomePage_SearchBox" time="6.791" errors="0" timestamp="2024-02-01T17:33:32 IST" skipped="0">
  <testcase classname="org.collegesuggestproject.HomePage_SearchBox" name="typeOnSearchBox" time="6.791"/>
  <system-out/>
</testsuite> <!-- org.collegesuggestproject.HomePage_SearchBox -->
