<?xml version="1.0" encoding="UTF-8"?>
<!-- Generated by org.testng.reporters.JUnitReportReporter -->
<testsuite hostname="DESKTOP-NNG2UOE" failures="0" tests="5" name="org.collegesuggestproject.HeaderSection" time="13.849" errors="0" timestamp="2024-01-25T15:50:09 IST" skipped="0">
  <testcase classname="org.collegesuggestproject.HeaderSection" name="navigateToGftiCollegeOfEngineering" time="4.659"/>
  <system-out/>
  <testcase classname="org.collegesuggestproject.HeaderSection" name="navigateToPrivateCollegeOfMedical" time="3.113"/>
  <system-out/>
  <testcase classname="org.collegesuggestproject.HeaderSection" name="navigateToPrivateCollegeOfDental" time="2.136"/>
  <system-out/>
  <testcase classname="org.collegesuggestproject.HeaderSection" name="navigateToNitCollegeOfArchitecture" time="1.957"/>
  <system-out/>
  <testcase classname="org.collegesuggestproject.HeaderSection" name="navigateToNitCollegeOfPharmacy" time="1.984"/>
  <system-out/>
</testsuite> <!-- org.collegesuggestproject.HeaderSection -->
