<?xml version="1.0" encoding="UTF-8"?>
<!-- Generated by org.testng.reporters.JUnitReportReporter -->
<testsuite hostname="DESKTOP-NNG2UOE" failures="0" tests="5" name="com.testng.tests.Header" time="12.490" errors="0" timestamp="2024-01-24T12:05:57 IST" skipped="0">
  <testcase classname="com.testng.tests.Header" name="navigateToGftiCollegeOfEngineering" time="4.018"/>
  <system-out/>
  <testcase classname="com.testng.tests.Header" name="navigateToPrivateCollegeOfMedical" time="2.800"/>
  <system-out/>
  <testcase classname="com.testng.tests.Header" name="navigateToPrivateCollegeOfDental" time="1.907"/>
  <system-out/>
  <testcase classname="com.testng.tests.Header" name="navigateToNitCollegeOfArchitecture" time="1.790"/>
  <system-out/>
  <testcase classname="com.testng.tests.Header" name="navigateToNitCollegeOfPharmacy" time="1.975"/>
  <system-out/>
</testsuite> <!-- com.testng.tests.Header -->
