<?xml version="1.0" encoding="UTF-8"?>
<!-- Generated by org.testng.reporters.JUnitReportReporter -->
<testsuite hostname="DESKTOP-NNG2UOE" failures="0" tests="5" name="org.collegesuggestproject.HeaderSection" time="12.865" errors="0" timestamp="2024-01-25T18:30:42 IST" skipped="0">
  <testcase classname="org.collegesuggestproject.HeaderSection" name="navigateToGftiCollegeOfEngineering" time="4.036"/>
  <system-out/>
  <testcase classname="org.collegesuggestproject.HeaderSection" name="navigateToPrivateCollegeOfMedical" time="3.005"/>
  <system-out/>
  <testcase classname="org.collegesuggestproject.HeaderSection" name="navigateToPrivateCollegeOfDental" time="1.876"/>
  <system-out/>
  <testcase classname="org.collegesuggestproject.HeaderSection" name="navigateToNitCollegeOfArchitecture" time="1.878"/>
  <system-out/>
  <testcase classname="org.collegesuggestproject.HeaderSection" name="navigateToNitCollegeOfPharmacy" time="2.070"/>
  <system-out/>
</testsuite> <!-- org.collegesuggestproject.HeaderSection -->
