<?xml version="1.0" encoding="UTF-8"?>
<!-- Generated by org.testng.reporters.JUnitReportReporter -->
<testsuite hostname="DESKTOP-NNG2UOE" failures="0" tests="11" name="org.collegesuggestproject.ListingPage_Filter" time="5.775" errors="0" timestamp="2024-02-02T12:04:31 IST" skipped="0">
  <testcase classname="org.collegesuggestproject.ListingPage_Filter" name="verifyFilterTextIsPresent" time="1.038"/>
  <system-out/>
  <testcase classname="org.collegesuggestproject.ListingPage_Filter" name="verifyStateTextIsPresent" time="0.212"/>
  <system-out/>
  <testcase classname="org.collegesuggestproject.ListingPage_Filter" name="verifyCityTextIsPresent" time="0.157"/>
  <system-out/>
  <testcase classname="org.collegesuggestproject.ListingPage_Filter" name="verifyOwnershipTextIsPresent" time="0.065"/>
  <system-out/>
  <testcase classname="org.collegesuggestproject.ListingPage_Filter" name="verifyCategoryTextIsPresent" time="0.024"/>
  <system-out/>
  <testcase classname="org.collegesuggestproject.ListingPage_Filter" name="verifyCourseTextIsPresent" time="0.016"/>
  <system-out/>
  <testcase classname="org.collegesuggestproject.ListingPage_Filter" name="clickOnStateFilterTamilnadu" time="1.054"/>
  <system-out/>
  <testcase classname="org.collegesuggestproject.ListingPage_Filter" name="clickOnCityFilterChennai" time="0.874"/>
  <system-out/>
  <testcase classname="org.collegesuggestproject.ListingPage_Filter" name="clickOnOwnershipFilterGoverment" time="0.774"/>
  <system-out/>
  <testcase classname="org.collegesuggestproject.ListingPage_Filter" name="clickOnCategoryFilterIIT" time="0.756"/>
  <system-out/>
  <testcase classname="org.collegesuggestproject.ListingPage_Filter" name="clickOnCourseFilterIIT" time="0.805"/>
  <system-out/>
</testsuite> <!-- org.collegesuggestproject.ListingPage_Filter -->
