<?xml version="1.0" encoding="UTF-8"?>
<!-- Generated by org.testng.reporters.JUnitReportReporter -->
<testsuite hostname="DESKTOP-NNG2UOE" failures="0" tests="9" name="org.collegesuggestproject.ListingPage_SortBy" time="10.899" errors="0" timestamp="2024-02-05T17:32:41 IST" skipped="0">
  <testcase classname="org.collegesuggestproject.ListingPage_SortBy" name="setup1" time="2.589"/>
  <system-out/>
  <testcase classname="org.collegesuggestproject.ListingPage_SortBy" name="verifySortByTextIsPresent" time="2.181"/>
  <system-out/>
  <testcase classname="org.collegesuggestproject.ListingPage_SortBy" name="clickOnCampus" time="1.030"/>
  <system-out/>
  <testcase classname="org.collegesuggestproject.ListingPage_SortBy" name="clickOnFees" time="0.587"/>
  <system-out/>
  <testcase classname="org.collegesuggestproject.ListingPage_SortBy" name="clickOnMedianSalary" time="0.605"/>
  <system-out/>
  <testcase classname="org.collegesuggestproject.ListingPage_SortBy" name="clickOnPlacement" time="0.660"/>
  <system-out/>
  <testcase classname="org.collegesuggestproject.ListingPage_SortBy" name="clickOnNirfRank" time="0.634"/>
  <system-out/>
  <testcase classname="org.collegesuggestproject.ListingPage_SortBy" name="typeOnSearchbox" time="0.578"/>
  <system-out/>
  <testcase classname="org.collegesuggestproject.ListingPage_SortBy" name="clickOnIITMadras" time="2.035"/>
  <system-out/>
</testsuite> <!-- org.collegesuggestproject.ListingPage_SortBy -->
