<?xml version="1.0" encoding="UTF-8"?>
<!-- Generated by org.testng.reporters.JUnitReportReporter -->
<testsuite hostname="DESKTOP-NNG2UOE" failures="0" tests="9" name="org.collegesuggestproject.HomePage_RankingExams" time="5.470" errors="0" timestamp="2024-02-05T15:37:10 IST" skipped="0">
  <testcase classname="org.collegesuggestproject.HomePage_RankingExams" name="cs_Verify_RankingExam_Text_Is_Present_0001" time="2.067"/>
  <system-out/>
  <testcase classname="org.collegesuggestproject.HomePage_RankingExams" name="cs_Verify_RankingExam_Paragraph_Is_Present_0002" time="0.031"/>
  <system-out/>
  <testcase classname="org.collegesuggestproject.HomePage_RankingExams" name="cs_Verify_Rankings_Heading_Is_Present_0003" time="0.008"/>
  <system-out/>
  <testcase classname="org.collegesuggestproject.HomePage_RankingExams" name="cs_Verify_Rankings_Paragraph_Is_Present_0004" time="0.006"/>
  <system-out/>
  <testcase classname="org.collegesuggestproject.HomePage_RankingExams" name="cs_Verify_Exams_Heading_Is_Present_0005" time="0.009"/>
  <system-out/>
  <testcase classname="org.collegesuggestproject.HomePage_RankingExams" name="cs_Verify_Exams_Paragraph_Is_Present_0006" time="0.007"/>
  <system-out/>
  <testcase classname="org.collegesuggestproject.HomePage_RankingExams" name="cs_Verify_TopEngineeringCollege_Is_Clickable_0007" time="0.794"/>
  <system-out/>
  <testcase classname="org.collegesuggestproject.HomePage_RankingExams" name="cs_Verify_TopMedicalCollege_Is_Clickable_0008" time="1.401"/>
  <system-out/>
  <testcase classname="org.collegesuggestproject.HomePage_RankingExams" name="cs_Verify_TopArchitectureCollege_Is_Clickable_0009" time="1.147"/>
  <system-out/>
</testsuite> <!-- org.collegesuggestproject.HomePage_RankingExams -->
