<?xml version="1.0" encoding="UTF-8"?>
<!-- Generated by org.testng.reporters.JUnitReportReporter -->
<testsuite hostname="DESKTOP-NNG2UOE" failures="0" tests="5" name="org.collegesuggestproject.HomePage_HeaderSection" time="17.623" errors="0" timestamp="2024-01-30T11:40:49 IST" skipped="0">
  <testcase classname="org.collegesuggestproject.HomePage_HeaderSection" name="navigateToGftiCollegeOfEngineering" time="5.182"/>
  <system-out/>
  <testcase classname="org.collegesuggestproject.HomePage_HeaderSection" name="navigateToPrivateCollegeOfMedical" time="4.050"/>
  <system-out/>
  <testcase classname="org.collegesuggestproject.HomePage_HeaderSection" name="navigateToPrivateCollegeOfDental" time="2.593"/>
  <system-out/>
  <testcase classname="org.collegesuggestproject.HomePage_HeaderSection" name="navigateToNitCollegeOfArchitecture" time="2.938"/>
  <system-out/>
  <testcase classname="org.collegesuggestproject.HomePage_HeaderSection" name="navigateToNitCollegeOfPharmacy" time="2.860"/>
  <system-out/>
</testsuite> <!-- org.collegesuggestproject.HomePage_HeaderSection -->
