<?xml version="1.0" encoding="UTF-8"?>
<!-- Generated by org.testng.reporters.JUnitReportReporter -->
<testsuite hostname="DESKTOP-NNG2UOE" failures="0" tests="5" name="org.collegesuggestproject.ExploreByStream" time="21.326" errors="0" timestamp="2024-01-29T17:48:56 IST" skipped="0">
  <testcase classname="org.collegesuggestproject.ExploreByStream" name="Verify_ExploreByStream_Engineering_Is_Clickable" time="8.823"/>
  <system-out/>
  <testcase classname="org.collegesuggestproject.ExploreByStream" name="Verify_ExploreByStream_Medical_Is_Clickable" time="4.085"/>
  <system-out/>
  <testcase classname="org.collegesuggestproject.ExploreByStream" name="Verify_ExploreByStream_Dental_Is_Clickable" time="2.474"/>
  <system-out/>
  <testcase classname="org.collegesuggestproject.ExploreByStream" name="Verify_ExploreByStream_Architecture_Is_Clickable" time="2.569"/>
  <system-out/>
  <testcase classname="org.collegesuggestproject.ExploreByStream" name="Verify_ExploreByStream_Pharmacy_Is_Clickable" time="3.375"/>
  <system-out/>
</testsuite> <!-- org.collegesuggestproject.ExploreByStream -->
