<?xml version="1.0" encoding="UTF-8"?>
<!-- Generated by org.testng.reporters.JUnitReportReporter -->
<testsuite hostname="DESKTOP-NNG2UOE" failures="0" tests="9" name="org.collegesuggestproject.ListingPage_SortBy" time="9.351" errors="0" timestamp="2024-02-02T12:26:29 IST" skipped="0">
  <testcase classname="org.collegesuggestproject.ListingPage_SortBy" name="setup1" time="2.173"/>
  <system-out/>
  <testcase classname="org.collegesuggestproject.ListingPage_SortBy" name="verifySortByTextIsPresent" time="1.152"/>
  <system-out/>
  <testcase classname="org.collegesuggestproject.ListingPage_SortBy" name="clickOnCampus" time="1.169"/>
  <system-out/>
  <testcase classname="org.collegesuggestproject.ListingPage_SortBy" name="clickOnFees" time="0.586"/>
  <system-out/>
  <testcase classname="org.collegesuggestproject.ListingPage_SortBy" name="clickOnMedianSalary" time="0.616"/>
  <system-out/>
  <testcase classname="org.collegesuggestproject.ListingPage_SortBy" name="clickOnPlacement" time="0.607"/>
  <system-out/>
  <testcase classname="org.collegesuggestproject.ListingPage_SortBy" name="clickOnNirfRank" time="0.638"/>
  <system-out/>
  <testcase classname="org.collegesuggestproject.ListingPage_SortBy" name="typeOnSearchbox" time="0.571"/>
  <system-out/>
  <testcase classname="org.collegesuggestproject.ListingPage_SortBy" name="clickOnIITMadras" time="1.839"/>
  <system-out/>
</testsuite> <!-- org.collegesuggestproject.ListingPage_SortBy -->
