<?xml version="1.0" encoding="UTF-8"?>
<!-- Generated by org.testng.reporters.JUnitReportReporter -->
<testsuite hostname="DESKTOP-NNG2UOE" failures="0" tests="5" name="org.collegesuggestproject.ExploreByStream" time="15.536" errors="0" timestamp="2024-01-25T11:36:25 IST" skipped="0">
  <testcase classname="org.collegesuggestproject.ExploreByStream" name="Verify_ExploreByStream_Engineering_Is_Clickable" time="6.758"/>
  <system-out/>
  <testcase classname="org.collegesuggestproject.ExploreByStream" name="Verify_ExploreByStream_Medical_Is_Clickable" time="2.832"/>
  <system-out/>
  <testcase classname="org.collegesuggestproject.ExploreByStream" name="Verify_ExploreByStream_Dental_Is_Clickable" time="1.867"/>
  <system-out/>
  <testcase classname="org.collegesuggestproject.ExploreByStream" name="Verify_ExploreByStream_Architecture_Is_Clickable" time="1.886"/>
  <system-out/>
  <testcase classname="org.collegesuggestproject.ExploreByStream" name="Verify_ExploreByStream_Pharmacy_Is_Clickable" time="2.193"/>
  <system-out/>
</testsuite> <!-- org.collegesuggestproject.ExploreByStream -->
