<?xml version="1.0" encoding="UTF-8"?>
<!-- Generated by org.testng.reporters.JUnitReportReporter -->
<testsuite hostname="DESKTOP-NNG2UOE" failures="0" tests="1" name="com.testng.tests.SearchBox" time="3.540" errors="0" timestamp="2024-01-24T12:10:40 IST" skipped="0">
  <testcase classname="com.testng.tests.SearchBox" name="typeOnSearchBox" time="3.540"/>
  <system-out/>
</testsuite> <!-- com.testng.tests.SearchBox -->
