<?xml version="1.0" encoding="UTF-8"?>
<!-- Generated by org.testng.reporters.JUnitReportReporter -->
<testsuite hostname="DESKTOP-NNG2UOE" failures="0" tests="1" name="org.collegesuggestproject.HomePage_SearchBox" time="5.508" errors="0" timestamp="2024-01-29T19:01:55 IST" skipped="0">
  <testcase classname="org.collegesuggestproject.HomePage_SearchBox" name="typeOnSearchBox" time="5.508"/>
  <system-out/>
</testsuite> <!-- org.collegesuggestproject.HomePage_SearchBox -->
