<?xml version="1.0" encoding="UTF-8"?>
<!-- Generated by org.testng.reporters.JUnitReportReporter -->
<testsuite hostname="DESKTOP-NNG2UOE" failures="0" tests="11" name="org.collegesuggestproject.ListingPage_Filter" time="6.803" errors="0" timestamp="2024-02-05T17:46:45 IST" skipped="0">
  <testcase classname="org.collegesuggestproject.ListingPage_Filter" name="verifyFilterTextIsPresent" time="2.226"/>
  <system-out/>
  <testcase classname="org.collegesuggestproject.ListingPage_Filter" name="verifyStateTextIsPresent" time="0.125"/>
  <system-out/>
  <testcase classname="org.collegesuggestproject.ListingPage_Filter" name="verifyCityTextIsPresent" time="0.060"/>
  <system-out/>
  <testcase classname="org.collegesuggestproject.ListingPage_Filter" name="verifyOwnershipTextIsPresent" time="0.013"/>
  <system-out/>
  <testcase classname="org.collegesuggestproject.ListingPage_Filter" name="verifyCategoryTextIsPresent" time="0.017"/>
  <system-out/>
  <testcase classname="org.collegesuggestproject.ListingPage_Filter" name="verifyCourseTextIsPresent" time="0.021"/>
  <system-out/>
  <testcase classname="org.collegesuggestproject.ListingPage_Filter" name="clickOnStateFilterTamilnadu" time="1.093"/>
  <system-out/>
  <testcase classname="org.collegesuggestproject.ListingPage_Filter" name="clickOnCityFilterChennai" time="0.855"/>
  <system-out/>
  <testcase classname="org.collegesuggestproject.ListingPage_Filter" name="clickOnOwnershipFilterGoverment" time="0.767"/>
  <system-out/>
  <testcase classname="org.collegesuggestproject.ListingPage_Filter" name="clickOnCategoryFilterIIT" time="0.783"/>
  <system-out/>
  <testcase classname="org.collegesuggestproject.ListingPage_Filter" name="clickOnCourseFilterIIT" time="0.843"/>
  <system-out/>
</testsuite> <!-- org.collegesuggestproject.ListingPage_Filter -->
